[0.702s] Invoking command in '/home/rupendra/ros2_jazzy/src/my_robot/build/my_robot': DEBUGINFOD_URLS=https://debuginfod.ubuntu.com PYTHONPATH=/home/rupendra/ros2_jazzy/src/my_robot/build/my_robot/prefix_override:/usr/lib/python3/dist-packages/colcon_core/task/python/colcon_distutils_commands:/home/rupendra/ros2_jazzy/src/my_robot/install/my_robot/lib/python3.12/site-packages:${PYTHONPATH} /usr/bin/python3 -W ignore:setup.py install is deprecated -W ignore:easy_install command is deprecated setup.py develop --editable --build-directory /home/rupendra/ros2_jazzy/src/my_robot/build/my_robot/build --no-deps symlink_data
[0.944s] running develop
[1.097s] running egg_info
[1.097s] creating my_robot.egg-info
[1.111s] writing my_robot.egg-info/PKG-INFO
[1.111s] writing dependency_links to my_robot.egg-info/dependency_links.txt
[1.111s] writing requirements to my_robot.egg-info/requires.txt
[1.111s] writing top-level names to my_robot.egg-info/top_level.txt
[1.111s] writing manifest file 'my_robot.egg-info/SOURCES.txt'
[1.141s] reading manifest file 'my_robot.egg-info/SOURCES.txt'
[1.141s] writing manifest file 'my_robot.egg-info/SOURCES.txt'
[1.189s] running build_ext
[1.189s] Creating /home/rupendra/ros2_jazzy/src/my_robot/install/my_robot/lib/python3.12/site-packages/my-robot.egg-link (link to .)
[1.190s] 
[1.190s] Installed /home/rupendra/ros2_jazzy/src/my_robot/build/my_robot
[1.190s] running symlink_data
[1.190s] creating /home/rupendra/ros2_jazzy/src/my_robot/install/my_robot/share/ament_index
[1.190s] creating /home/rupendra/ros2_jazzy/src/my_robot/install/my_robot/share/ament_index/resource_index
[1.190s] creating /home/rupendra/ros2_jazzy/src/my_robot/install/my_robot/share/ament_index/resource_index/packages
[1.190s] symbolically linking /home/rupendra/ros2_jazzy/src/my_robot/build/my_robot/resource/my_robot -> /home/rupendra/ros2_jazzy/src/my_robot/install/my_robot/share/ament_index/resource_index/packages
[1.190s] symbolically linking /home/rupendra/ros2_jazzy/src/my_robot/build/my_robot/package.xml -> /home/rupendra/ros2_jazzy/src/my_robot/install/my_robot/share/my_robot
[1.190s] creating /home/rupendra/ros2_jazzy/src/my_robot/install/my_robot/share/my_robot/launch
[1.190s] symbolically linking /home/rupendra/ros2_jazzy/src/my_robot/build/my_robot/launch/rsp.launch.py -> /home/rupendra/ros2_jazzy/src/my_robot/install/my_robot/share/my_robot/launch
[1.190s] symbolically linking /home/rupendra/ros2_jazzy/src/my_robot/build/my_robot/launch/my_robot.launch.py -> /home/rupendra/ros2_jazzy/src/my_robot/install/my_robot/share/my_robot/launch
[1.190s] creating /home/rupendra/ros2_jazzy/src/my_robot/install/my_robot/share/my_robot/description
[1.190s] symbolically linking /home/rupendra/ros2_jazzy/src/my_robot/build/my_robot/description/inertial_macros.xacro -> /home/rupendra/ros2_jazzy/src/my_robot/install/my_robot/share/my_robot/description
[1.190s] symbolically linking /home/rupendra/ros2_jazzy/src/my_robot/build/my_robot/description/my_robot_core.xacro -> /home/rupendra/ros2_jazzy/src/my_robot/install/my_robot/share/my_robot/description
[1.190s] symbolically linking /home/rupendra/ros2_jazzy/src/my_robot/build/my_robot/description/my_robot.urdf.xacro -> /home/rupendra/ros2_jazzy/src/my_robot/install/my_robot/share/my_robot/description
[1.223s] Invoked command in '/home/rupendra/ros2_jazzy/src/my_robot/build/my_robot' returned '0': DEBUGINFOD_URLS=https://debuginfod.ubuntu.com PYTHONPATH=/home/rupendra/ros2_jazzy/src/my_robot/build/my_robot/prefix_override:/usr/lib/python3/dist-packages/colcon_core/task/python/colcon_distutils_commands:/home/rupendra/ros2_jazzy/src/my_robot/install/my_robot/lib/python3.12/site-packages:${PYTHONPATH} /usr/bin/python3 -W ignore:setup.py install is deprecated -W ignore:easy_install command is deprecated setup.py develop --editable --build-directory /home/rupendra/ros2_jazzy/src/my_robot/build/my_robot/build --no-deps symlink_data
