[0.120s] DEBUG:colcon:Command line arguments: ['/usr/bin/colcon', 'build', '--symlink-install']
[0.120s] DEBUG:colcon:Parsed command line arguments: Namespace(log_base=None, log_level=None, verb_name='build', build_base='build', install_base='install', merge_install=False, symlink_install=True, test_result_base=None, continue_on_error=False, executor='parallel', parallel_workers=12, event_handlers=None, ignore_user_meta=False, metas=['./colcon.meta'], base_paths=['.'], packages_ignore=None, packages_ignore_regex=None, paths=None, packages_up_to=None, packages_up_to_regex=None, packages_above=None, packages_above_and_dependencies=None, packages_above_depth=None, packages_select_by_dep=None, packages_skip_by_dep=None, packages_skip_up_to=None, packages_select_build_failed=False, packages_skip_build_finished=False, packages_select_test_failures=False, packages_skip_test_passed=False, packages_select=None, packages_skip=None, packages_select_regex=None, packages_skip_regex=None, packages_start=None, packages_end=None, allow_overriding=[], cmake_args=None, cmake_target=None, cmake_target_skip_unavailable=False, cmake_clean_cache=False, cmake_clean_first=False, cmake_force_configure=False, ament_cmake_args=None, catkin_cmake_args=None, catkin_skip_building_tests=False, mixin_files=None, mixin=None, verb_parser=<colcon_mixin.mixin.mixin_argument.MixinArgumentDecorator object at 0x7c49754c3980>, verb_extension=<colcon_core.verb.build.BuildVerb object at 0x7c497546ce60>, main=<bound method BuildVerb.main of <colcon_core.verb.build.BuildVerb object at 0x7c497546ce60>>, mixin_verb=('build',))
[0.158s] Level 1:colcon.colcon_core.package_discovery:discover_packages(colcon_meta) check parameters
[0.158s] Level 1:colcon.colcon_core.package_discovery:discover_packages(recursive) check parameters
[0.158s] Level 1:colcon.colcon_core.package_discovery:discover_packages(ignore) check parameters
[0.158s] Level 1:colcon.colcon_core.package_discovery:discover_packages(path) check parameters
[0.158s] Level 1:colcon.colcon_core.package_discovery:discover_packages(colcon_meta) discover
[0.159s] Level 1:colcon.colcon_core.package_discovery:discover_packages(recursive) discover
[0.159s] INFO:colcon.colcon_core.package_discovery:Crawling recursively for packages in '/home/rupendra/ros2_jazzy/src/my_robot'
[0.159s] Level 1:colcon.colcon_core.package_identification:_identify(.) by extensions ['ignore', 'ignore_ament_install']
[0.159s] Level 1:colcon.colcon_core.package_identification:_identify(.) by extension 'ignore'
[0.159s] Level 1:colcon.colcon_core.package_identification:_identify(.) by extension 'ignore_ament_install'
[0.159s] Level 1:colcon.colcon_core.package_identification:_identify(.) by extensions ['colcon_pkg']
[0.159s] Level 1:colcon.colcon_core.package_identification:_identify(.) by extension 'colcon_pkg'
[0.159s] Level 1:colcon.colcon_core.package_identification:_identify(.) by extensions ['colcon_meta']
[0.159s] Level 1:colcon.colcon_core.package_identification:_identify(.) by extension 'colcon_meta'
[0.159s] Level 1:colcon.colcon_core.package_identification:_identify(.) by extensions ['ros']
[0.159s] Level 1:colcon.colcon_core.package_identification:_identify(.) by extension 'ros'
[0.178s] DEBUG:colcon.colcon_core.package_identification:Package '.' with type 'ros.ament_python' and name 'my_robot'
[0.178s] Level 1:colcon.colcon_core.package_discovery:discover_packages(recursive) using defaults
[0.178s] Level 1:colcon.colcon_core.package_discovery:discover_packages(ignore) discover
[0.178s] Level 1:colcon.colcon_core.package_discovery:discover_packages(ignore) using defaults
[0.178s] Level 1:colcon.colcon_core.package_discovery:discover_packages(path) discover
[0.178s] Level 1:colcon.colcon_core.package_discovery:discover_packages(path) using defaults
[0.192s] Level 1:colcon.colcon_core.package_discovery:discover_packages(prefix_path) check parameters
[0.192s] Level 1:colcon.colcon_core.package_discovery:discover_packages(prefix_path) discover
[0.194s] DEBUG:colcon.colcon_installed_package_information.package_discovery:Found 4 installed packages in /home/rupendra/ros2_jazzy/install
[0.195s] DEBUG:colcon.colcon_installed_package_information.package_discovery:Found 412 installed packages in /opt/ros/jazzy
[0.196s] Level 1:colcon.colcon_core.package_discovery:discover_packages(prefix_path) using defaults
[0.227s] Level 5:colcon.colcon_core.verb:set package 'my_robot' build argument 'cmake_args' from command line to 'None'
[0.227s] Level 5:colcon.colcon_core.verb:set package 'my_robot' build argument 'cmake_target' from command line to 'None'
[0.227s] Level 5:colcon.colcon_core.verb:set package 'my_robot' build argument 'cmake_target_skip_unavailable' from command line to 'False'
[0.227s] Level 5:colcon.colcon_core.verb:set package 'my_robot' build argument 'cmake_clean_cache' from command line to 'False'
[0.227s] Level 5:colcon.colcon_core.verb:set package 'my_robot' build argument 'cmake_clean_first' from command line to 'False'
[0.227s] Level 5:colcon.colcon_core.verb:set package 'my_robot' build argument 'cmake_force_configure' from command line to 'False'
[0.227s] Level 5:colcon.colcon_core.verb:set package 'my_robot' build argument 'ament_cmake_args' from command line to 'None'
[0.227s] Level 5:colcon.colcon_core.verb:set package 'my_robot' build argument 'catkin_cmake_args' from command line to 'None'
[0.227s] Level 5:colcon.colcon_core.verb:set package 'my_robot' build argument 'catkin_skip_building_tests' from command line to 'False'
[0.227s] DEBUG:colcon.colcon_core.verb:Building package 'my_robot' with the following arguments: {'ament_cmake_args': None, 'build_base': '/home/rupendra/ros2_jazzy/src/my_robot/build/my_robot', 'catkin_cmake_args': None, 'catkin_skip_building_tests': False, 'cmake_args': None, 'cmake_clean_cache': False, 'cmake_clean_first': False, 'cmake_force_configure': False, 'cmake_target': None, 'cmake_target_skip_unavailable': False, 'install_base': '/home/rupendra/ros2_jazzy/src/my_robot/install/my_robot', 'merge_install': False, 'path': '/home/rupendra/ros2_jazzy/src/my_robot', 'symlink_install': True, 'test_result_base': None}
[0.227s] INFO:colcon.colcon_core.executor:Executing jobs using 'parallel' executor
[0.228s] DEBUG:colcon.colcon_parallel_executor.executor.parallel:run_until_complete
[0.228s] INFO:colcon.colcon_ros.task.ament_python.build:Building ROS package in '/home/rupendra/ros2_jazzy/src/my_robot' with build type 'ament_python'
[0.228s] Level 1:colcon.colcon_core.shell:create_environment_hook('my_robot', 'ament_prefix_path')
[0.231s] INFO:colcon.colcon_core.plugin_system:Skipping extension 'colcon_core.shell.bat': Not used on non-Windows systems
[0.231s] INFO:colcon.colcon_core.shell:Creating environment hook '/home/rupendra/ros2_jazzy/src/my_robot/install/my_robot/share/my_robot/hook/ament_prefix_path.ps1'
[0.231s] INFO:colcon.colcon_core.shell:Creating environment descriptor '/home/rupendra/ros2_jazzy/src/my_robot/install/my_robot/share/my_robot/hook/ament_prefix_path.dsv'
[0.232s] INFO:colcon.colcon_core.shell:Creating environment hook '/home/rupendra/ros2_jazzy/src/my_robot/install/my_robot/share/my_robot/hook/ament_prefix_path.sh'
[0.232s] INFO:colcon.colcon_core.shell:Skip shell extension 'powershell' for command environment: Not usable outside of PowerShell
[0.232s] DEBUG:colcon.colcon_core.shell:Skip shell extension 'dsv' for command environment
[0.391s] INFO:colcon.colcon_core.task.python.build:Building Python package in '/home/rupendra/ros2_jazzy/src/my_robot'
[0.391s] INFO:colcon.colcon_core.shell:Skip shell extension 'powershell' for command environment: Not usable outside of PowerShell
[0.391s] DEBUG:colcon.colcon_core.shell:Skip shell extension 'dsv' for command environment
[0.930s] DEBUG:colcon.colcon_core.event_handler.log_command:Invoking command in '/home/rupendra/ros2_jazzy/src/my_robot/build/my_robot': DEBUGINFOD_URLS=https://debuginfod.ubuntu.com PYTHONPATH=/home/rupendra/ros2_jazzy/src/my_robot/build/my_robot/prefix_override:/usr/lib/python3/dist-packages/colcon_core/task/python/colcon_distutils_commands:/home/rupendra/ros2_jazzy/src/my_robot/install/my_robot/lib/python3.12/site-packages:${PYTHONPATH} /usr/bin/python3 -W ignore:setup.py install is deprecated -W ignore:easy_install command is deprecated setup.py develop --editable --build-directory /home/rupendra/ros2_jazzy/src/my_robot/build/my_robot/build --no-deps symlink_data
[1.450s] Level 1:colcon.colcon_core.shell:create_environment_hook('my_robot', 'pythonpath_develop')
[1.451s] INFO:colcon.colcon_core.shell:Creating environment hook '/home/rupendra/ros2_jazzy/src/my_robot/build/my_robot/share/my_robot/hook/pythonpath_develop.ps1'
[1.451s] DEBUG:colcon.colcon_core.event_handler.log_command:Invoked command in '/home/rupendra/ros2_jazzy/src/my_robot/build/my_robot' returned '0': DEBUGINFOD_URLS=https://debuginfod.ubuntu.com PYTHONPATH=/home/rupendra/ros2_jazzy/src/my_robot/build/my_robot/prefix_override:/usr/lib/python3/dist-packages/colcon_core/task/python/colcon_distutils_commands:/home/rupendra/ros2_jazzy/src/my_robot/install/my_robot/lib/python3.12/site-packages:${PYTHONPATH} /usr/bin/python3 -W ignore:setup.py install is deprecated -W ignore:easy_install command is deprecated setup.py develop --editable --build-directory /home/rupendra/ros2_jazzy/src/my_robot/build/my_robot/build --no-deps symlink_data
[1.451s] INFO:colcon.colcon_core.shell:Creating environment descriptor '/home/rupendra/ros2_jazzy/src/my_robot/build/my_robot/share/my_robot/hook/pythonpath_develop.dsv'
[1.451s] INFO:colcon.colcon_core.shell:Creating environment hook '/home/rupendra/ros2_jazzy/src/my_robot/build/my_robot/share/my_robot/hook/pythonpath_develop.sh'
[1.455s] Level 1:colcon.colcon_core.environment:checking '/home/rupendra/ros2_jazzy/src/my_robot/install/my_robot' for CMake module files
[1.455s] Level 1:colcon.colcon_core.environment:checking '/home/rupendra/ros2_jazzy/src/my_robot/install/my_robot' for CMake config files
[1.455s] Level 1:colcon.colcon_core.environment:checking '/home/rupendra/ros2_jazzy/src/my_robot/install/my_robot/lib'
[1.456s] Level 1:colcon.colcon_core.environment:checking '/home/rupendra/ros2_jazzy/src/my_robot/install/my_robot/bin'
[1.456s] Level 1:colcon.colcon_core.environment:checking '/home/rupendra/ros2_jazzy/src/my_robot/install/my_robot/lib/pkgconfig/my_robot.pc'
[1.456s] Level 1:colcon.colcon_core.environment:checking '/home/rupendra/ros2_jazzy/src/my_robot/install/my_robot/lib/python3.12/site-packages'
[1.456s] Level 1:colcon.colcon_core.shell:create_environment_hook('my_robot', 'pythonpath')
[1.456s] INFO:colcon.colcon_core.shell:Creating environment hook '/home/rupendra/ros2_jazzy/src/my_robot/install/my_robot/share/my_robot/hook/pythonpath.ps1'
[1.456s] INFO:colcon.colcon_core.shell:Creating environment descriptor '/home/rupendra/ros2_jazzy/src/my_robot/install/my_robot/share/my_robot/hook/pythonpath.dsv'
[1.456s] INFO:colcon.colcon_core.shell:Creating environment hook '/home/rupendra/ros2_jazzy/src/my_robot/install/my_robot/share/my_robot/hook/pythonpath.sh'
[1.457s] Level 1:colcon.colcon_core.environment:checking '/home/rupendra/ros2_jazzy/src/my_robot/install/my_robot/bin'
[1.457s] Level 1:colcon.colcon_core.environment:create_environment_scripts_only(my_robot)
[1.457s] INFO:colcon.colcon_core.shell:Creating package script '/home/rupendra/ros2_jazzy/src/my_robot/install/my_robot/share/my_robot/package.ps1'
[1.457s] INFO:colcon.colcon_core.shell:Creating package descriptor '/home/rupendra/ros2_jazzy/src/my_robot/install/my_robot/share/my_robot/package.dsv'
[1.458s] INFO:colcon.colcon_core.shell:Creating package script '/home/rupendra/ros2_jazzy/src/my_robot/install/my_robot/share/my_robot/package.sh'
[1.458s] INFO:colcon.colcon_core.shell:Creating package script '/home/rupendra/ros2_jazzy/src/my_robot/install/my_robot/share/my_robot/package.bash'
[1.459s] INFO:colcon.colcon_core.shell:Creating package script '/home/rupendra/ros2_jazzy/src/my_robot/install/my_robot/share/my_robot/package.zsh'
[1.459s] Level 1:colcon.colcon_core.environment:create_file_with_runtime_dependencies(/home/rupendra/ros2_jazzy/src/my_robot/install/my_robot/share/colcon-core/packages/my_robot)
[1.460s] DEBUG:colcon.colcon_parallel_executor.executor.parallel:closing loop
[1.460s] DEBUG:colcon.colcon_parallel_executor.executor.parallel:loop closed
[1.460s] DEBUG:colcon.colcon_parallel_executor.executor.parallel:run_until_complete finished with '0'
[1.460s] DEBUG:colcon.colcon_core.event_reactor:joining thread
[1.468s] INFO:colcon.colcon_core.plugin_system:Skipping extension 'colcon_notification.desktop_notification.terminal_notifier': Not used on non-Darwin systems
[1.469s] INFO:colcon.colcon_core.plugin_system:Skipping extension 'colcon_notification.desktop_notification.win32': Not used on non-Windows systems
[1.469s] INFO:colcon.colcon_notification.desktop_notification:Sending desktop notification using 'notify2'
[1.482s] DEBUG:colcon.colcon_core.event_reactor:joined thread
[1.482s] INFO:colcon.colcon_core.shell:Creating prefix script '/home/rupendra/ros2_jazzy/src/my_robot/install/local_setup.ps1'
[1.483s] INFO:colcon.colcon_core.shell:Creating prefix util module '/home/rupendra/ros2_jazzy/src/my_robot/install/_local_setup_util_ps1.py'
[1.484s] INFO:colcon.colcon_core.shell:Creating prefix chain script '/home/rupendra/ros2_jazzy/src/my_robot/install/setup.ps1'
[1.484s] INFO:colcon.colcon_core.shell:Creating prefix script '/home/rupendra/ros2_jazzy/src/my_robot/install/local_setup.sh'
[1.485s] INFO:colcon.colcon_core.shell:Creating prefix util module '/home/rupendra/ros2_jazzy/src/my_robot/install/_local_setup_util_sh.py'
[1.485s] INFO:colcon.colcon_core.shell:Creating prefix chain script '/home/rupendra/ros2_jazzy/src/my_robot/install/setup.sh'
[1.486s] INFO:colcon.colcon_core.shell:Creating prefix script '/home/rupendra/ros2_jazzy/src/my_robot/install/local_setup.bash'
[1.486s] INFO:colcon.colcon_core.shell:Creating prefix chain script '/home/rupendra/ros2_jazzy/src/my_robot/install/setup.bash'
[1.487s] INFO:colcon.colcon_core.shell:Creating prefix script '/home/rupendra/ros2_jazzy/src/my_robot/install/local_setup.zsh'
[1.487s] INFO:colcon.colcon_core.shell:Creating prefix chain script '/home/rupendra/ros2_jazzy/src/my_robot/install/setup.zsh'
